Using pre-set license
Built from '2020.2/staging' branch; Version is '2020.2.5f1 (e2c53f129de5) revision 14861631'; Using compiler version '192528614'; Build Type 'Release'
OS: 'Windows 10 Pro; OS build 19042.1165; Version 2009; 64bit' Language: 'ru' Physical Memory: 12233 MB
BatchMode: 1, IsHumanControllingUs: 0, StartBugReporterOnCrash: 0, Is64bit: 1, IsPro: 0

 COMMAND LINE ARGUMENTS:
C:\Program Files\Unity\Hub\Editor\2020.2.5f1\Editor\Unity.exe
-adb2
-batchMode
-noUpm
-name
AssetImportWorker0
-projectPath
D:/UnityProj/MyProjects/Prototype/prototype
-logFile
Logs/AssetImportWorker0.log
-srvPort
64756
Successfully changed project path to: D:/UnityProj/MyProjects/Prototype/prototype
D:/UnityProj/MyProjects/Prototype/prototype
Using Asset Import Pipeline V2.
Refreshing native plugins compatible for Editor in 26.56 ms, found 0 plugins.
Preloading 0 native plugins for Editor in 0.00 ms.
Initialize engine version: 2020.2.5f1 (e2c53f129de5)
[Subsystems] Discovering subsystems at path C:/Program Files/Unity/Hub/Editor/2020.2.5f1/Editor/Data/Resources/UnitySubsystems
[Subsystems] Discovering subsystems at path D:/UnityProj/MyProjects/Prototype/prototype/Assets
GfxDevice: creating device client; threaded=0
Direct3D:
    Version:  Direct3D 11.0 [level 11.1]
    Renderer: NVIDIA GeForce GTX 1060 3GB (ID=0x1c02)
    Vendor:   
    VRAM:     2988 MB
    Driver:   27.21.14.6589
Initialize mono
Mono path[0] = 'C:/Program Files/Unity/Hub/Editor/2020.2.5f1/Editor/Data/Managed'
Mono path[1] = 'C:/Program Files/Unity/Hub/Editor/2020.2.5f1/Editor/Data/MonoBleedingEdge/lib/mono/unityjit'
Mono config path = 'C:/Program Files/Unity/Hub/Editor/2020.2.5f1/Editor/Data/MonoBleedingEdge/etc'
Using monoOptions --debugger-agent=transport=dt_socket,embedding=1,server=y,suspend=n,address=127.0.0.1:56448
Begin MonoManager ReloadAssembly
Registering precompiled unity dll's ...
Register platform support module: C:/Program Files/Unity/Hub/Editor/2020.2.5f1/Editor/Data/PlaybackEngines/WebGLSupport/UnityEditor.WebGL.Extensions.dll
Register platform support module: C:/Program Files/Unity/Hub/Editor/2020.2.5f1/Editor/Data/PlaybackEngines/WindowsStandaloneSupport/UnityEditor.WindowsStandalone.Extensions.dll
Registered in 0.007934 seconds.
Native extension for WindowsStandalone target not found
Native extension for WebGL target not found
Refreshing native plugins compatible for Editor in 24.88 ms, found 0 plugins.
Preloading 0 native plugins for Editor in 0.00 ms.
Invoked RoslynAnalysisRunner static constructor.
RoslynAnalysisRunner will not be running.
RoslynAnalysisRunner has terminated.
Mono: successfully reloaded assembly
- Completed reload, in  4.690 seconds
Platform modules already initialized, skipping
Registering precompiled user dll's ...
Registered in 0.002324 seconds.
Begin MonoManager ReloadAssembly
Native extension for WindowsStandalone target not found
Native extension for WebGL target not found
Refreshing native plugins compatible for Editor in 0.38 ms, found 0 plugins.
Preloading 0 native plugins for Editor in 0.00 ms.
Invoked RoslynAnalysisRunner static constructor.
RoslynAnalysisRunner will not be running.
RoslynAnalysisRunner has terminated.
Mono: successfully reloaded assembly
- Completed reload, in  2.018 seconds
Platform modules already initialized, skipping
========================================================================
Worker process is ready to serve import requests
Launched and connected shader compiler UnityShaderCompiler.exe after 0.08 seconds
Refreshing native plugins compatible for Editor in 0.34 ms, found 0 plugins.
Preloading 0 native plugins for Editor in 0.00 ms.
Unloading 663 Unused Serialized files (Serialized files now loaded: 0)
System memory in use before: 50.5 MB.
System memory in use after: 50.6 MB.

Unloading 7 unused Assets to reduce memory usage. Loaded Objects now: 1106.
Total: 2.520500 ms (FindLiveObjects: 0.191900 ms CreateObjectMapping: 0.042000 ms MarkObjects: 2.168600 ms  DeleteObjects: 0.115100 ms)

========================================================================
Received Import Request.
  path: Assets/SpaceAI
  artifactKey: Guid(53c3f4fc27c430c4cb56ae192d2e91c2) Importer(815301076,1909f56bfc062723c751e8b465ee728b)
Start importing Assets/SpaceAI using Guid(53c3f4fc27c430c4cb56ae192d2e91c2) Importer(815301076,1909f56bfc062723c751e8b465ee728b)  -> (artifact id: '47d1db87d2274ec1971df2f6f3e51c9d') in 0.018520 seconds
  Import took 0.021091 seconds .

========================================================================
Received Import Request.
  Time since last request: 0.000358 seconds.
  path: Assets/SpaceAI/Shaders
  artifactKey: Guid(20f5a8f467aabda4187623e16d3cd0a0) Importer(815301076,1909f56bfc062723c751e8b465ee728b)
Start importing Assets/SpaceAI/Shaders using Guid(20f5a8f467aabda4187623e16d3cd0a0) Importer(815301076,1909f56bfc062723c751e8b465ee728b)  -> (artifact id: '8ba130dd056832b64980d249d26830b1') in 0.020913 seconds
  Import took 0.023064 seconds .

========================================================================
Received Import Request.
  Time since last request: 0.000353 seconds.
  path: Assets/SpaceAI/Audio
  artifactKey: Guid(bc8ad0454275fcb4a8332831741fcf4c) Importer(815301076,1909f56bfc062723c751e8b465ee728b)
Start importing Assets/SpaceAI/Audio using Guid(bc8ad0454275fcb4a8332831741fcf4c) Importer(815301076,1909f56bfc062723c751e8b465ee728b)  -> (artifact id: '7bccc3230c3b8ea64f63aac5c98641e1') in 0.034831 seconds
  Import took 0.037127 seconds .

========================================================================
Received Import Request.
  Time since last request: 0.000312 seconds.
  path: Assets/StreamingAssets
  artifactKey: Guid(c8e710049ddef894bb7d6b5c04ca63f0) Importer(815301076,1909f56bfc062723c751e8b465ee728b)
Start importing Assets/StreamingAssets using Guid(c8e710049ddef894bb7d6b5c04ca63f0) Importer(815301076,1909f56bfc062723c751e8b465ee728b)  -> (artifact id: 'dd1f0fdb2f7dcc72e47028146bc922d1') in 0.030595 seconds
  Import took 0.036332 seconds .

========================================================================
Received Import Request.
  Time since last request: 0.000427 seconds.
  path: Assets/SpaceAI/Content
  artifactKey: Guid(d7f32802333f814488434f018e940e66) Importer(815301076,1909f56bfc062723c751e8b465ee728b)
Start importing Assets/SpaceAI/Content using Guid(d7f32802333f814488434f018e940e66) Importer(815301076,1909f56bfc062723c751e8b465ee728b)  -> (artifact id: 'dac4b09fd1e0278c8cafc7eee4c5e839') in 0.046911 seconds
  Import took 0.050520 seconds .

========================================================================
Received Prepare
Refreshing native plugins compatible for Editor in 2.15 ms, found 0 plugins.
Preloading 0 native plugins for Editor in 0.00 ms.
Unloading 6 Unused Serialized files (Serialized files now loaded: 0)
System memory in use before: 35.6 MB.
System memory in use after: 35.7 MB.

Unloading 5 unused Assets to reduce memory usage. Loaded Objects now: 1106.
Total: 2.287300 ms (FindLiveObjects: 0.200600 ms CreateObjectMapping: 0.043000 ms MarkObjects: 2.017000 ms  DeleteObjects: 0.024900 ms)

========================================================================
Received Prepare
Registering precompiled user dll's ...
Registered in 0.014167 seconds.
Begin MonoManager ReloadAssembly
Native extension for WindowsStandalone target not found
Native extension for WebGL target not found
Refreshing native plugins compatible for Editor in 1.19 ms, found 0 plugins.
Preloading 0 native plugins for Editor in 0.00 ms.
Invoked RoslynAnalysisRunner static constructor.
RoslynAnalysisRunner will not be running.
RoslynAnalysisRunner has terminated.
Mono: successfully reloaded assembly
- Completed reload, in  6.122 seconds
Platform modules already initialized, skipping
Refreshing native plugins compatible for Editor in 0.38 ms, found 0 plugins.
Preloading 0 native plugins for Editor in 0.00 ms.
Unloading 630 Unused Serialized files (Serialized files now loaded: 0)
System memory in use before: 48.2 MB.
System memory in use after: 48.2 MB.

Unloading 5 unused Assets to reduce memory usage. Loaded Objects now: 1106.
Total: 2.415700 ms (FindLiveObjects: 0.241900 ms CreateObjectMapping: 0.047900 ms MarkObjects: 2.091500 ms  DeleteObjects: 0.031800 ms)

========================================================================
Received Import Request.
  Time since last request: 949.044754 seconds.
  path: Assets/SpaceAI/Scripts/Controllers
  artifactKey: Guid(3a8e2e2d19b4e5740b3e7a79af515b6e) Importer(815301076,1909f56bfc062723c751e8b465ee728b)
Start importing Assets/SpaceAI/Scripts/Controllers using Guid(3a8e2e2d19b4e5740b3e7a79af515b6e) Importer(815301076,1909f56bfc062723c751e8b465ee728b)  -> (artifact id: '96e8397b2a3f77db4e02afe33a520160') in 0.033295 seconds
  Import took 0.038077 seconds .

========================================================================
Received Import Request.
  Time since last request: 0.127593 seconds.
  path: Assets/SpaceAI/Scripts/Controllers/SA_BaseShip.cs
  artifactKey: Guid(4881fe84c21c5cf4aab984ecdad9ff60) Importer(815301076,1909f56bfc062723c751e8b465ee728b)
Start importing Assets/SpaceAI/Scripts/Controllers/SA_BaseShip.cs using Guid(4881fe84c21c5cf4aab984ecdad9ff60) Importer(815301076,1909f56bfc062723c751e8b465ee728b)  -> (artifact id: 'db63ca204aa078f43cfcdbcea4ca1dd1') in 0.061434 seconds
  Import took 0.063982 seconds .

========================================================================
Received Import Request.
  Time since last request: 0.233885 seconds.
  path: Assets/SpaceAI/Scripts/Controllers/SA_ShipController.cs
  artifactKey: Guid(5341ef5cb3b79114c9c25f1502561f31) Importer(815301076,1909f56bfc062723c751e8b465ee728b)
Start importing Assets/SpaceAI/Scripts/Controllers/SA_ShipController.cs using Guid(5341ef5cb3b79114c9c25f1502561f31) Importer(815301076,1909f56bfc062723c751e8b465ee728b)  -> (artifact id: '1ecbbe37eaab65d7a6bd386ff83a03d0') in 0.025056 seconds
  Import took 0.028257 seconds .

========================================================================
Received Import Request.
  Time since last request: 3.824963 seconds.
  path: Assets/SpaceAI/Scripts/Systems/SA_ObstacleSystem.cs
  artifactKey: Guid(3ebc3ae6332d6b447bebb4d42dadb155) Importer(815301076,1909f56bfc062723c751e8b465ee728b)
Start importing Assets/SpaceAI/Scripts/Systems/SA_ObstacleSystem.cs using Guid(3ebc3ae6332d6b447bebb4d42dadb155) Importer(815301076,1909f56bfc062723c751e8b465ee728b)  -> (artifact id: '76722e5d87aed4d02faf7483c85a2c1d') in 0.019088 seconds
  Import took 0.022454 seconds .

========================================================================
Received Prepare
Registering precompiled user dll's ...
Registered in 0.002871 seconds.
Begin MonoManager ReloadAssembly
Native extension for WindowsStandalone target not found
Native extension for WebGL target not found
Refreshing native plugins compatible for Editor in 0.33 ms, found 0 plugins.
Preloading 0 native plugins for Editor in 0.00 ms.
Invoked RoslynAnalysisRunner static constructor.
RoslynAnalysisRunner will not be running.
RoslynAnalysisRunner has terminated.
Mono: successfully reloaded assembly
- Completed reload, in  1.718 seconds
Platform modules already initialized, skipping
Refreshing native plugins compatible for Editor in 0.44 ms, found 0 plugins.
Preloading 0 native plugins for Editor in 0.00 ms.
Unloading 630 Unused Serialized files (Serialized files now loaded: 0)
System memory in use before: 48.2 MB.
System memory in use after: 48.2 MB.

Unloading 5 unused Assets to reduce memory usage. Loaded Objects now: 1106.
Total: 8.715600 ms (FindLiveObjects: 0.309200 ms CreateObjectMapping: 0.047500 ms MarkObjects: 8.246500 ms  DeleteObjects: 0.108800 ms)

========================================================================
Received Import Request.
  Time since last request: 185.016050 seconds.
  path: Assets/SpaceAI/Scripts/Systems/SA_ObstacleSystem.cs
  artifactKey: Guid(3ebc3ae6332d6b447bebb4d42dadb155) Importer(815301076,1909f56bfc062723c751e8b465ee728b)
Start importing Assets/SpaceAI/Scripts/Systems/SA_ObstacleSystem.cs using Guid(3ebc3ae6332d6b447bebb4d42dadb155) Importer(815301076,1909f56bfc062723c751e8b465ee728b)  -> (artifact id: 'a363907800befe4e111fe98873f46cc6') in 0.043130 seconds
  Import took 0.050694 seconds .

========================================================================
Received Prepare
Registering precompiled user dll's ...
Registered in 0.002199 seconds.
Begin MonoManager ReloadAssembly
Native extension for WindowsStandalone target not found
Native extension for WebGL target not found
Refreshing native plugins compatible for Editor in 0.45 ms, found 0 plugins.
Preloading 0 native plugins for Editor in 0.00 ms.
Invoked RoslynAnalysisRunner static constructor.
RoslynAnalysisRunner will not be running.
RoslynAnalysisRunner has terminated.
Mono: successfully reloaded assembly
- Completed reload, in  1.805 seconds
Platform modules already initialized, skipping
Refreshing native plugins compatible for Editor in 0.34 ms, found 0 plugins.
Preloading 0 native plugins for Editor in 0.00 ms.
Unloading 630 Unused Serialized files (Serialized files now loaded: 0)
System memory in use before: 48.2 MB.
System memory in use after: 48.2 MB.

Unloading 5 unused Assets to reduce memory usage. Loaded Objects now: 1106.
Total: 2.731600 ms (FindLiveObjects: 0.199900 ms CreateObjectMapping: 0.044700 ms MarkObjects: 2.455000 ms  DeleteObjects: 0.029900 ms)

========================================================================
Received Import Request.
  Time since last request: 370.679031 seconds.
  path: Assets/SpaceAI/Scripts/Systems/SA_ObstacleSystem.cs
  artifactKey: Guid(3ebc3ae6332d6b447bebb4d42dadb155) Importer(815301076,1909f56bfc062723c751e8b465ee728b)
Start importing Assets/SpaceAI/Scripts/Systems/SA_ObstacleSystem.cs using Guid(3ebc3ae6332d6b447bebb4d42dadb155) Importer(815301076,1909f56bfc062723c751e8b465ee728b)  -> (artifact id: '1688c99f2e25d3b03f933253739127ec') in 0.007830 seconds
  Import took 0.010356 seconds .

========================================================================
Received Prepare
Registering precompiled user dll's ...
Registered in 0.002146 seconds.
Begin MonoManager ReloadAssembly
Native extension for WindowsStandalone target not found
Native extension for WebGL target not found
Refreshing native plugins compatible for Editor in 0.33 ms, found 0 plugins.
Preloading 0 native plugins for Editor in 0.00 ms.
Invoked RoslynAnalysisRunner static constructor.
RoslynAnalysisRunner will not be running.
RoslynAnalysisRunner has terminated.
Mono: successfully reloaded assembly
- Completed reload, in  1.716 seconds
Platform modules already initialized, skipping
Refreshing native plugins compatible for Editor in 0.37 ms, found 0 plugins.
Preloading 0 native plugins for Editor in 0.00 ms.
Unloading 630 Unused Serialized files (Serialized files now loaded: 0)
System memory in use before: 48.2 MB.
System memory in use after: 48.2 MB.

Unloading 5 unused Assets to reduce memory usage. Loaded Objects now: 1106.
Total: 4.069800 ms (FindLiveObjects: 0.210200 ms CreateObjectMapping: 0.228700 ms MarkObjects: 3.569100 ms  DeleteObjects: 0.059300 ms)

========================================================================
Received Import Request.
  Time since last request: 391.729938 seconds.
  path: Assets/SpaceAI/Scripts/Systems/SA_ObstacleSystem.cs
  artifactKey: Guid(3ebc3ae6332d6b447bebb4d42dadb155) Importer(815301076,1909f56bfc062723c751e8b465ee728b)
Start importing Assets/SpaceAI/Scripts/Systems/SA_ObstacleSystem.cs using Guid(3ebc3ae6332d6b447bebb4d42dadb155) Importer(815301076,1909f56bfc062723c751e8b465ee728b)  -> (artifact id: '6e5dda5022a231bb057c3a384dc4fa6b') in 0.007219 seconds
  Import took 0.010074 seconds .

========================================================================
Received Prepare
Registering precompiled user dll's ...
Registered in 0.002208 seconds.
Begin MonoManager ReloadAssembly
Native extension for WindowsStandalone target not found
Native extension for WebGL target not found
Refreshing native plugins compatible for Editor in 0.34 ms, found 0 plugins.
Preloading 0 native plugins for Editor in 0.00 ms.
Invoked RoslynAnalysisRunner static constructor.
RoslynAnalysisRunner will not be running.
RoslynAnalysisRunner has terminated.
Mono: successfully reloaded assembly
- Completed reload, in  1.742 seconds
Platform modules already initialized, skipping
Refreshing native plugins compatible for Editor in 0.36 ms, found 0 plugins.
Preloading 0 native plugins for Editor in 0.00 ms.
Unloading 630 Unused Serialized files (Serialized files now loaded: 0)
System memory in use before: 48.2 MB.
System memory in use after: 48.3 MB.

Unloading 5 unused Assets to reduce memory usage. Loaded Objects now: 1106.
Total: 2.537200 ms (FindLiveObjects: 0.215200 ms CreateObjectMapping: 0.043400 ms MarkObjects: 2.221200 ms  DeleteObjects: 0.041100 ms)

========================================================================
Received Import Request.
  Time since last request: 222.221459 seconds.
  path: Assets/SpaceAI/Scripts/Systems/SA_ObstacleSystem.cs
  artifactKey: Guid(3ebc3ae6332d6b447bebb4d42dadb155) Importer(815301076,1909f56bfc062723c751e8b465ee728b)
Start importing Assets/SpaceAI/Scripts/Systems/SA_ObstacleSystem.cs using Guid(3ebc3ae6332d6b447bebb4d42dadb155) Importer(815301076,1909f56bfc062723c751e8b465ee728b)  -> (artifact id: '9337e9e34c3607820decbce4e48bb719') in 0.007025 seconds
  Import took 0.010148 seconds .

========================================================================
Received Prepare
Registering precompiled user dll's ...
Registered in 0.002189 seconds.
Begin MonoManager ReloadAssembly
Native extension for WindowsStandalone target not found
Native extension for WebGL target not found
Refreshing native plugins compatible for Editor in 0.32 ms, found 0 plugins.
Preloading 0 native plugins for Editor in 0.00 ms.
Invoked RoslynAnalysisRunner static constructor.
RoslynAnalysisRunner will not be running.
RoslynAnalysisRunner has terminated.
Mono: successfully reloaded assembly
- Completed reload, in  1.404 seconds
Platform modules already initialized, skipping
Refreshing native plugins compatible for Editor in 0.60 ms, found 0 plugins.
Preloading 0 native plugins for Editor in 0.00 ms.
Unloading 630 Unused Serialized files (Serialized files now loaded: 0)
System memory in use before: 48.2 MB.
System memory in use after: 48.3 MB.

Unloading 5 unused Assets to reduce memory usage. Loaded Objects now: 1106.
Total: 2.667800 ms (FindLiveObjects: 0.355200 ms CreateObjectMapping: 0.054000 ms MarkObjects: 2.227400 ms  DeleteObjects: 0.028700 ms)

========================================================================
Received Prepare
Registering precompiled user dll's ...
Registered in 0.002559 seconds.
Begin MonoManager ReloadAssembly
Native extension for WindowsStandalone target not found
Native extension for WebGL target not found
Refreshing native plugins compatible for Editor in 0.34 ms, found 0 plugins.
Preloading 0 native plugins for Editor in 0.00 ms.
Invoked RoslynAnalysisRunner static constructor.
RoslynAnalysisRunner will not be running.
RoslynAnalysisRunner has terminated.
Mono: successfully reloaded assembly
- Completed reload, in  1.771 seconds
Platform modules already initialized, skipping
Refreshing native plugins compatible for Editor in 0.36 ms, found 0 plugins.
Preloading 0 native plugins for Editor in 0.00 ms.
Unloading 630 Unused Serialized files (Serialized files now loaded: 0)
System memory in use before: 48.2 MB.
System memory in use after: 48.3 MB.

Unloading 5 unused Assets to reduce memory usage. Loaded Objects now: 1106.
Total: 2.610200 ms (FindLiveObjects: 0.196200 ms CreateObjectMapping: 0.041600 ms MarkObjects: 2.343300 ms  DeleteObjects: 0.025800 ms)

========================================================================
Received Import Request.
  Time since last request: 92.899868 seconds.
  path: Assets/SpaceAI/Scripts/Systems/SA_ObstacleSystem.cs
  artifactKey: Guid(3ebc3ae6332d6b447bebb4d42dadb155) Importer(815301076,1909f56bfc062723c751e8b465ee728b)
Start importing Assets/SpaceAI/Scripts/Systems/SA_ObstacleSystem.cs using Guid(3ebc3ae6332d6b447bebb4d42dadb155) Importer(815301076,1909f56bfc062723c751e8b465ee728b)  -> (artifact id: '417f80f440499f3c3ef6ebf1149e37da') in 0.007816 seconds
  Import took 0.010089 seconds .

========================================================================
Received Import Request.
  Time since last request: 3.818641 seconds.
  path: Assets/SpaceAI/Scripts/Systems/SA_ObstacleSystem.cs
  artifactKey: Guid(3ebc3ae6332d6b447bebb4d42dadb155) Importer(815301076,1909f56bfc062723c751e8b465ee728b)
Start importing Assets/SpaceAI/Scripts/Systems/SA_ObstacleSystem.cs using Guid(3ebc3ae6332d6b447bebb4d42dadb155) Importer(815301076,1909f56bfc062723c751e8b465ee728b)  -> (artifact id: '417f80f440499f3c3ef6ebf1149e37da') in 0.004688 seconds
  Import took 0.007069 seconds .

========================================================================
Received Prepare
Registering precompiled user dll's ...
Registered in 0.002347 seconds.
Begin MonoManager ReloadAssembly
Native extension for WindowsStandalone target not found
Native extension for WebGL target not found
Refreshing native plugins compatible for Editor in 0.36 ms, found 0 plugins.
Preloading 0 native plugins for Editor in 0.00 ms.
Invoked RoslynAnalysisRunner static constructor.
RoslynAnalysisRunner will not be running.
RoslynAnalysisRunner has terminated.
Mono: successfully reloaded assembly
- Completed reload, in  1.794 seconds
Platform modules already initialized, skipping
Refreshing native plugins compatible for Editor in 0.33 ms, found 0 plugins.
Preloading 0 native plugins for Editor in 0.00 ms.
Unloading 630 Unused Serialized files (Serialized files now loaded: 0)
System memory in use before: 48.2 MB.
System memory in use after: 48.3 MB.

Unloading 5 unused Assets to reduce memory usage. Loaded Objects now: 1106.
Total: 2.665300 ms (FindLiveObjects: 0.195000 ms CreateObjectMapping: 0.041500 ms MarkObjects: 2.395800 ms  DeleteObjects: 0.031000 ms)

========================================================================
Received Import Request.
  Time since last request: 242.254088 seconds.
  path: Assets/SpaceAI/Scripts/Systems/SA_ObstacleSystem.cs
  artifactKey: Guid(3ebc3ae6332d6b447bebb4d42dadb155) Importer(815301076,1909f56bfc062723c751e8b465ee728b)
Start importing Assets/SpaceAI/Scripts/Systems/SA_ObstacleSystem.cs using Guid(3ebc3ae6332d6b447bebb4d42dadb155) Importer(815301076,1909f56bfc062723c751e8b465ee728b)  -> (artifact id: '674757df3aa7c71c7406b4fed1237e75') in 0.006640 seconds
  Import took 0.009100 seconds .

========================================================================
Received Prepare
Registering precompiled user dll's ...
Registered in 0.002275 seconds.
Begin MonoManager ReloadAssembly
Native extension for WindowsStandalone target not found
Native extension for WebGL target not found
Refreshing native plugins compatible for Editor in 0.40 ms, found 0 plugins.
Preloading 0 native plugins for Editor in 0.00 ms.
Invoked RoslynAnalysisRunner static constructor.
RoslynAnalysisRunner will not be running.
RoslynAnalysisRunner has terminated.
Mono: successfully reloaded assembly
- Completed reload, in  1.734 seconds
Platform modules already initialized, skipping
Refreshing native plugins compatible for Editor in 0.35 ms, found 0 plugins.
Preloading 0 native plugins for Editor in 0.00 ms.
Unloading 630 Unused Serialized files (Serialized files now loaded: 0)
System memory in use before: 48.2 MB.
System memory in use after: 48.3 MB.

Unloading 5 unused Assets to reduce memory usage. Loaded Objects now: 1106.
Total: 2.293500 ms (FindLiveObjects: 0.246000 ms CreateObjectMapping: 0.042700 ms MarkObjects: 1.972600 ms  DeleteObjects: 0.028800 ms)

========================================================================
Received Import Request.
  Time since last request: 56.328263 seconds.
  path: Assets/SpaceAI/Scripts/Systems/SA_ObstacleSystem.cs
  artifactKey: Guid(3ebc3ae6332d6b447bebb4d42dadb155) Importer(815301076,1909f56bfc062723c751e8b465ee728b)
Start importing Assets/SpaceAI/Scripts/Systems/SA_ObstacleSystem.cs using Guid(3ebc3ae6332d6b447bebb4d42dadb155) Importer(815301076,1909f56bfc062723c751e8b465ee728b)  -> (artifact id: '756a225b20088283f43130621f765127') in 0.010866 seconds
  Import took 0.016229 seconds .

========================================================================
Received Prepare
Registering precompiled user dll's ...
Registered in 0.002210 seconds.
Begin MonoManager ReloadAssembly
Native extension for WindowsStandalone target not found
Native extension for WebGL target not found
Refreshing native plugins compatible for Editor in 0.36 ms, found 0 plugins.
Preloading 0 native plugins for Editor in 0.00 ms.
Invoked RoslynAnalysisRunner static constructor.
RoslynAnalysisRunner will not be running.
RoslynAnalysisRunner has terminated.
Mono: successfully reloaded assembly
- Completed reload, in  1.712 seconds
Platform modules already initialized, skipping
Refreshing native plugins compatible for Editor in 0.34 ms, found 0 plugins.
Preloading 0 native plugins for Editor in 0.00 ms.
Unloading 630 Unused Serialized files (Serialized files now loaded: 0)
System memory in use before: 48.2 MB.
System memory in use after: 48.3 MB.

Unloading 5 unused Assets to reduce memory usage. Loaded Objects now: 1106.
Total: 2.424700 ms (FindLiveObjects: 0.205200 ms CreateObjectMapping: 0.042500 ms MarkObjects: 2.147300 ms  DeleteObjects: 0.027100 ms)

========================================================================
Received Prepare
Registering precompiled user dll's ...
Registered in 0.002410 seconds.
Begin MonoManager ReloadAssembly
Native extension for WindowsStandalone target not found
Native extension for WebGL target not found
Refreshing native plugins compatible for Editor in 0.37 ms, found 0 plugins.
Preloading 0 native plugins for Editor in 0.00 ms.
Invoked RoslynAnalysisRunner static constructor.
RoslynAnalysisRunner will not be running.
RoslynAnalysisRunner has terminated.
Mono: successfully reloaded assembly
- Completed reload, in  1.853 seconds
Platform modules already initialized, skipping
Refreshing native plugins compatible for Editor in 0.36 ms, found 0 plugins.
Preloading 0 native plugins for Editor in 0.00 ms.
Unloading 630 Unused Serialized files (Serialized files now loaded: 0)
System memory in use before: 48.2 MB.
System memory in use after: 48.3 MB.

Unloading 5 unused Assets to reduce memory usage. Loaded Objects now: 1106.
Total: 2.545100 ms (FindLiveObjects: 0.186200 ms CreateObjectMapping: 0.041500 ms MarkObjects: 2.289300 ms  DeleteObjects: 0.025700 ms)

========================================================================
Received Prepare
Registering precompiled user dll's ...
Registered in 0.002651 seconds.
Begin MonoManager ReloadAssembly
Native extension for WindowsStandalone target not found
Native extension for WebGL target not found
Refreshing native plugins compatible for Editor in 0.35 ms, found 0 plugins.
Preloading 0 native plugins for Editor in 0.00 ms.
Invoked RoslynAnalysisRunner static constructor.
RoslynAnalysisRunner will not be running.
RoslynAnalysisRunner has terminated.
Mono: successfully reloaded assembly
- Completed reload, in  1.561 seconds
Platform modules already initialized, skipping
Refreshing native plugins compatible for Editor in 0.33 ms, found 0 plugins.
Preloading 0 native plugins for Editor in 0.00 ms.
Unloading 630 Unused Serialized files (Serialized files now loaded: 0)
System memory in use before: 48.2 MB.
System memory in use after: 48.3 MB.

Unloading 5 unused Assets to reduce memory usage. Loaded Objects now: 1106.
Total: 2.299900 ms (FindLiveObjects: 0.191100 ms CreateObjectMapping: 0.041400 ms MarkObjects: 2.038200 ms  DeleteObjects: 0.026900 ms)

========================================================================
Received Prepare
Registering precompiled user dll's ...
Registered in 0.002415 seconds.
Begin MonoManager ReloadAssembly
Native extension for WindowsStandalone target not found
Native extension for WebGL target not found
Refreshing native plugins compatible for Editor in 0.43 ms, found 0 plugins.
Preloading 0 native plugins for Editor in 0.00 ms.
Invoked RoslynAnalysisRunner static constructor.
RoslynAnalysisRunner will not be running.
RoslynAnalysisRunner has terminated.
Mono: successfully reloaded assembly
- Completed reload, in  1.670 seconds
Platform modules already initialized, skipping
Refreshing native plugins compatible for Editor in 2.24 ms, found 0 plugins.
Preloading 0 native plugins for Editor in 0.00 ms.
Unloading 630 Unused Serialized files (Serialized files now loaded: 0)
System memory in use before: 48.3 MB.
System memory in use after: 48.3 MB.

Unloading 5 unused Assets to reduce memory usage. Loaded Objects now: 1106.
Total: 3.109200 ms (FindLiveObjects: 0.240400 ms CreateObjectMapping: 0.224100 ms MarkObjects: 2.616000 ms  DeleteObjects: 0.026400 ms)

========================================================================
Received Import Request.
  Time since last request: 332.275869 seconds.
  path: Assets/SpaceAI/Scripts/Interfaces/IDamageSendler.cs
  artifactKey: Guid(3f0aea67fc37b0f42ad88cb9997a0bc8) Importer(815301076,1909f56bfc062723c751e8b465ee728b)
Start importing Assets/SpaceAI/Scripts/Interfaces/IDamageSendler.cs using Guid(3f0aea67fc37b0f42ad88cb9997a0bc8) Importer(815301076,1909f56bfc062723c751e8b465ee728b)  -> (artifact id: '29f25b591e5a14e576ea677feb1ad1e5') in 0.031748 seconds
  Import took 0.050424 seconds .

========================================================================
Received Prepare
Registering precompiled user dll's ...
Registered in 0.002651 seconds.
Begin MonoManager ReloadAssembly
Native extension for WindowsStandalone target not found
Native extension for WebGL target not found
Refreshing native plugins compatible for Editor in 0.41 ms, found 0 plugins.
Preloading 0 native plugins for Editor in 0.00 ms.
Invoked RoslynAnalysisRunner static constructor.
RoslynAnalysisRunner will not be running.
RoslynAnalysisRunner has terminated.
Mono: successfully reloaded assembly
- Completed reload, in  1.730 seconds
Platform modules already initialized, skipping
Refreshing native plugins compatible for Editor in 0.44 ms, found 0 plugins.
Preloading 0 native plugins for Editor in 0.00 ms.
Unloading 631 Unused Serialized files (Serialized files now loaded: 0)
System memory in use before: 48.3 MB.
System memory in use after: 48.3 MB.

Unloading 5 unused Assets to reduce memory usage. Loaded Objects now: 1107.
Total: 2.579600 ms (FindLiveObjects: 0.203300 ms CreateObjectMapping: 0.041800 ms MarkObjects: 2.304900 ms  DeleteObjects: 0.027000 ms)

========================================================================
Received Import Request.
  Time since last request: 128.004742 seconds.
  path: Assets/SpaceAI/Scripts/Interfaces/IDamageSendler.cs
  artifactKey: Guid(3f0aea67fc37b0f42ad88cb9997a0bc8) Importer(815301076,1909f56bfc062723c751e8b465ee728b)
Start importing Assets/SpaceAI/Scripts/Interfaces/IDamageSendler.cs using Guid(3f0aea67fc37b0f42ad88cb9997a0bc8) Importer(815301076,1909f56bfc062723c751e8b465ee728b)  -> (artifact id: '44296e9b704198413ea15b5012a6c92a') in 0.010928 seconds
  Import took 0.013156 seconds .

========================================================================
Received Prepare
Registering precompiled user dll's ...
Registered in 0.002803 seconds.
Begin MonoManager ReloadAssembly
Native extension for WindowsStandalone target not found
Native extension for WebGL target not found
Refreshing native plugins compatible for Editor in 0.34 ms, found 0 plugins.
Preloading 0 native plugins for Editor in 0.00 ms.
Invoked RoslynAnalysisRunner static constructor.
RoslynAnalysisRunner will not be running.
RoslynAnalysisRunner has terminated.
Mono: successfully reloaded assembly
- Completed reload, in  1.505 seconds
Platform modules already initialized, skipping
Refreshing native plugins compatible for Editor in 0.36 ms, found 0 plugins.
Preloading 0 native plugins for Editor in 0.00 ms.
Unloading 631 Unused Serialized files (Serialized files now loaded: 0)
System memory in use before: 48.3 MB.
System memory in use after: 48.3 MB.

Unloading 5 unused Assets to reduce memory usage. Loaded Objects now: 1107.
Total: 2.527300 ms (FindLiveObjects: 0.204800 ms CreateObjectMapping: 0.066700 ms MarkObjects: 2.229400 ms  DeleteObjects: 0.024000 ms)

========================================================================
Received Prepare
Registering precompiled user dll's ...
Registered in 0.002768 seconds.
Begin MonoManager ReloadAssembly
Native extension for WindowsStandalone target not found
Native extension for WebGL target not found
Refreshing native plugins compatible for Editor in 0.37 ms, found 0 plugins.
Preloading 0 native plugins for Editor in 0.00 ms.
Invoked RoslynAnalysisRunner static constructor.
RoslynAnalysisRunner will not be running.
RoslynAnalysisRunner has terminated.
Mono: successfully reloaded assembly
- Completed reload, in  1.483 seconds
Platform modules already initialized, skipping
Refreshing native plugins compatible for Editor in 0.36 ms, found 0 plugins.
Preloading 0 native plugins for Editor in 0.00 ms.
Unloading 631 Unused Serialized files (Serialized files now loaded: 0)
System memory in use before: 48.3 MB.
System memory in use after: 48.3 MB.

Unloading 5 unused Assets to reduce memory usage. Loaded Objects now: 1107.
Total: 3.120900 ms (FindLiveObjects: 0.201500 ms CreateObjectMapping: 0.043100 ms MarkObjects: 2.840700 ms  DeleteObjects: 0.032400 ms)

========================================================================
Received Prepare
Registering precompiled user dll's ...
Registered in 0.002113 seconds.
Begin MonoManager ReloadAssembly
Native extension for WindowsStandalone target not found
Native extension for WebGL target not found
Refreshing native plugins compatible for Editor in 0.33 ms, found 0 plugins.
Preloading 0 native plugins for Editor in 0.00 ms.
Invoked RoslynAnalysisRunner static constructor.
RoslynAnalysisRunner will not be running.
RoslynAnalysisRunner has terminated.
Mono: successfully reloaded assembly
- Completed reload, in  1.699 seconds
Platform modules already initialized, skipping
Refreshing native plugins compatible for Editor in 0.35 ms, found 0 plugins.
Preloading 0 native plugins for Editor in 0.00 ms.
Unloading 631 Unused Serialized files (Serialized files now loaded: 0)
System memory in use before: 48.3 MB.
System memory in use after: 48.3 MB.

Unloading 5 unused Assets to reduce memory usage. Loaded Objects now: 1107.
Total: 2.249700 ms (FindLiveObjects: 0.191600 ms CreateObjectMapping: 0.040700 ms MarkObjects: 1.977400 ms  DeleteObjects: 0.037400 ms)

========================================================================
Received Prepare
Registering precompiled user dll's ...
Registered in 0.002648 seconds.
Begin MonoManager ReloadAssembly
Native extension for WindowsStandalone target not found
Native extension for WebGL target not found
Refreshing native plugins compatible for Editor in 0.35 ms, found 0 plugins.
Preloading 0 native plugins for Editor in 0.00 ms.
Invoked RoslynAnalysisRunner static constructor.
RoslynAnalysisRunner will not be running.
RoslynAnalysisRunner has terminated.
Mono: successfully reloaded assembly
- Completed reload, in  1.688 seconds
Platform modules already initialized, skipping
Refreshing native plugins compatible for Editor in 0.38 ms, found 0 plugins.
Preloading 0 native plugins for Editor in 0.00 ms.
Unloading 631 Unused Serialized files (Serialized files now loaded: 0)
System memory in use before: 48.3 MB.
System memory in use after: 48.3 MB.

Unloading 5 unused Assets to reduce memory usage. Loaded Objects now: 1107.
Total: 2.585300 ms (FindLiveObjects: 0.196300 ms CreateObjectMapping: 0.042600 ms MarkObjects: 2.312500 ms  DeleteObjects: 0.031700 ms)

========================================================================
Received Prepare
Registering precompiled user dll's ...
Registered in 0.003373 seconds.
Begin MonoManager ReloadAssembly
Native extension for WindowsStandalone target not found
Native extension for WebGL target not found
Refreshing native plugins compatible for Editor in 0.36 ms, found 0 plugins.
Preloading 0 native plugins for Editor in 0.00 ms.
Invoked RoslynAnalysisRunner static constructor.
RoslynAnalysisRunner will not be running.
RoslynAnalysisRunner has terminated.
Mono: successfully reloaded assembly
- Completed reload, in  1.715 seconds
Platform modules already initialized, skipping
Refreshing native plugins compatible for Editor in 0.37 ms, found 0 plugins.
Preloading 0 native plugins for Editor in 0.00 ms.
Unloading 631 Unused Serialized files (Serialized files now loaded: 0)
System memory in use before: 48.3 MB.
System memory in use after: 48.4 MB.

Unloading 5 unused Assets to reduce memory usage. Loaded Objects now: 1107.
Total: 2.420500 ms (FindLiveObjects: 0.210700 ms CreateObjectMapping: 0.043500 ms MarkObjects: 2.138500 ms  DeleteObjects: 0.025300 ms)

========================================================================
Received Prepare
Registering precompiled user dll's ...
Registered in 0.002463 seconds.
Begin MonoManager ReloadAssembly
Native extension for WindowsStandalone target not found
Native extension for WebGL target not found
Refreshing native plugins compatible for Editor in 0.56 ms, found 0 plugins.
Preloading 0 native plugins for Editor in 0.00 ms.
Invoked RoslynAnalysisRunner static constructor.
RoslynAnalysisRunner will not be running.
RoslynAnalysisRunner has terminated.
Mono: successfully reloaded assembly
- Completed reload, in  1.760 seconds
Platform modules already initialized, skipping
Refreshing native plugins compatible for Editor in 0.36 ms, found 0 plugins.
Preloading 0 native plugins for Editor in 0.00 ms.
Unloading 631 Unused Serialized files (Serialized files now loaded: 0)
System memory in use before: 48.3 MB.
System memory in use after: 48.3 MB.

Unloading 5 unused Assets to reduce memory usage. Loaded Objects now: 1107.
Total: 2.372300 ms (FindLiveObjects: 0.209500 ms CreateObjectMapping: 0.047100 ms MarkObjects: 2.081400 ms  DeleteObjects: 0.031000 ms)

========================================================================
Received Prepare
Registering precompiled user dll's ...
Registered in 0.002813 seconds.
Begin MonoManager ReloadAssembly
Native extension for WindowsStandalone target not found
Native extension for WebGL target not found
Refreshing native plugins compatible for Editor in 0.38 ms, found 0 plugins.
Preloading 0 native plugins for Editor in 0.00 ms.
Invoked RoslynAnalysisRunner static constructor.
RoslynAnalysisRunner will not be running.
RoslynAnalysisRunner has terminated.
Mono: successfully reloaded assembly
- Completed reload, in  1.720 seconds
Platform modules already initialized, skipping
Refreshing native plugins compatible for Editor in 0.35 ms, found 0 plugins.
Preloading 0 native plugins for Editor in 0.00 ms.
Unloading 631 Unused Serialized files (Serialized files now loaded: 0)
System memory in use before: 48.3 MB.
System memory in use after: 48.4 MB.

Unloading 5 unused Assets to reduce memory usage. Loaded Objects now: 1107.
Total: 2.828000 ms (FindLiveObjects: 0.223800 ms CreateObjectMapping: 0.048300 ms MarkObjects: 2.511900 ms  DeleteObjects: 0.041400 ms)

========================================================================
Received Import Request.
  Time since last request: 1286.908394 seconds.
  path: Assets/SpaceAI/Scripts/Systems/SA_ObstacleSystem.cs
  artifactKey: Guid(3ebc3ae6332d6b447bebb4d42dadb155) Importer(815301076,1909f56bfc062723c751e8b465ee728b)
Start importing Assets/SpaceAI/Scripts/Systems/SA_ObstacleSystem.cs using Guid(3ebc3ae6332d6b447bebb4d42dadb155) Importer(815301076,1909f56bfc062723c751e8b465ee728b)  -> (artifact id: '769892aa6945cc89468eb088d4e367a9') in 0.006145 seconds
  Import took 0.008890 seconds .

========================================================================
Received Import Request.
  Time since last request: 0.007019 seconds.
  path: Assets/SpaceAI/Scripts/Systems/SA_ObstacleSystem.cs
  artifactKey: Guid(3ebc3ae6332d6b447bebb4d42dadb155) Importer(815301076,1909f56bfc062723c751e8b465ee728b)
Start importing Assets/SpaceAI/Scripts/Systems/SA_ObstacleSystem.cs using Guid(3ebc3ae6332d6b447bebb4d42dadb155) Importer(815301076,1909f56bfc062723c751e8b465ee728b)  -> (artifact id: '769892aa6945cc89468eb088d4e367a9') in 0.004618 seconds
  Import took 0.006613 seconds .

========================================================================
Received Prepare
Registering precompiled user dll's ...
Registered in 0.016914 seconds.
Begin MonoManager ReloadAssembly
Native extension for WindowsStandalone target not found
Native extension for WebGL target not found
Refreshing native plugins compatible for Editor in 0.41 ms, found 0 plugins.
Preloading 0 native plugins for Editor in 0.00 ms.
Invoked RoslynAnalysisRunner static constructor.
RoslynAnalysisRunner will not be running.
RoslynAnalysisRunner has terminated.
Mono: successfully reloaded assembly
- Completed reload, in  2.520 seconds
Platform modules already initialized, skipping
Refreshing native plugins compatible for Editor in 0.57 ms, found 0 plugins.
Preloading 0 native plugins for Editor in 0.00 ms.
Unloading 631 Unused Serialized files (Serialized files now loaded: 0)
System memory in use before: 48.3 MB.
System memory in use after: 48.3 MB.

Unloading 5 unused Assets to reduce memory usage. Loaded Objects now: 1107.
Total: 2.744200 ms (FindLiveObjects: 0.206800 ms CreateObjectMapping: 0.047400 ms MarkObjects: 2.458100 ms  DeleteObjects: 0.028900 ms)

========================================================================
Received Import Request.
  Time since last request: 46.946058 seconds.
  path: Assets/SpaceAI/Scripts/Systems/SA_ObstacleSystem.cs
  artifactKey: Guid(3ebc3ae6332d6b447bebb4d42dadb155) Importer(815301076,1909f56bfc062723c751e8b465ee728b)
Start importing Assets/SpaceAI/Scripts/Systems/SA_ObstacleSystem.cs using Guid(3ebc3ae6332d6b447bebb4d42dadb155) Importer(815301076,1909f56bfc062723c751e8b465ee728b)  -> (artifact id: 'b52cc77a285a66db4cdbd29971045e44') in 0.006937 seconds
  Import took 0.009214 seconds .

========================================================================
Received Prepare
Registering precompiled user dll's ...
Registered in 0.002508 seconds.
Begin MonoManager ReloadAssembly
Native extension for WindowsStandalone target not found
Native extension for WebGL target not found
Refreshing native plugins compatible for Editor in 0.37 ms, found 0 plugins.
Preloading 0 native plugins for Editor in 0.00 ms.
Invoked RoslynAnalysisRunner static constructor.
RoslynAnalysisRunner will not be running.
RoslynAnalysisRunner has terminated.
Mono: successfully reloaded assembly
- Completed reload, in  2.067 seconds
Platform modules already initialized, skipping
Refreshing native plugins compatible for Editor in 0.36 ms, found 0 plugins.
Preloading 0 native plugins for Editor in 0.00 ms.
Unloading 631 Unused Serialized files (Serialized files now loaded: 0)
System memory in use before: 48.3 MB.
System memory in use after: 48.4 MB.

Unloading 5 unused Assets to reduce memory usage. Loaded Objects now: 1107.
Total: 2.308800 ms (FindLiveObjects: 0.205300 ms CreateObjectMapping: 0.042500 ms MarkObjects: 2.032600 ms  DeleteObjects: 0.026100 ms)

========================================================================
Received Prepare
Registering precompiled user dll's ...
Registered in 0.003239 seconds.
Begin MonoManager ReloadAssembly
Native extension for WindowsStandalone target not found
Native extension for WebGL target not found
Refreshing native plugins compatible for Editor in 0.32 ms, found 0 plugins.
Preloading 0 native plugins for Editor in 0.00 ms.
Invoked RoslynAnalysisRunner static constructor.
RoslynAnalysisRunner will not be running.
RoslynAnalysisRunner has terminated.
Mono: successfully reloaded assembly
- Completed reload, in  1.426 seconds
Platform modules already initialized, skipping
Refreshing native plugins compatible for Editor in 0.38 ms, found 0 plugins.
Preloading 0 native plugins for Editor in 0.00 ms.
Unloading 631 Unused Serialized files (Serialized files now loaded: 0)
System memory in use before: 48.3 MB.
System memory in use after: 48.3 MB.

Unloading 5 unused Assets to reduce memory usage. Loaded Objects now: 1107.
Total: 2.307800 ms (FindLiveObjects: 0.190800 ms CreateObjectMapping: 0.042700 ms MarkObjects: 2.045000 ms  DeleteObjects: 0.027400 ms)

AssetImportWorkerClient::OnTransportError - code=2 error=End of file
