
=== Wed Aug 21 01:39:55 2019

Packages were changed.
Update Mode: mergeDefaultDependencies

The following packages were added:
  com.unity.postprocessing@2.1.4
  com.unity.progrids@3.0.3-preview.4

=== Wed Feb 19 21:11:41 2020

Packages were changed.
Update Mode: updateDependencies

The following packages were added:
  com.unity.2d.tilemap@1.0.0
  com.unity.test-framework@1.1.9
  com.unity.2d.sprite@1.0.0
  com.unity.ide.vscode@1.1.3
  com.unity.ide.rider@1.1.4
  com.unity.ugui@1.0.0
  com.unity.modules.androidjni@1.0.0
The following packages were updated:
  com.unity.analytics from version 3.3.2 to 3.3.4
  com.unity.postprocessing from version 2.1.4 to 2.2.2

=== Mon Apr  6 21:29:04 2020

Packages were changed.
Update Mode: updateDependencies

The following packages were updated:
  com.unity.test-framework from version 1.1.9 to 1.1.13

=== Sun Oct 11 02:15:24 2020

Packages were changed.
Update Mode: updateDependencies

The following packages were updated:
  com.unity.ads from version 2.0.8 to 3.4.7

=== Thu Aug 26 16:21:42 2021

Packages were changed.
Update Mode: updateDependencies

The following packages were added:
  com.unity.ide.visualstudio@2.0.5
The following packages were updated:
  com.unity.analytics from version 3.3.5 to 3.5.3
  com.unity.collab-proxy from version 1.2.16 to 1.3.9
  com.unity.textmeshpro from version 2.0.1 to 3.0.1

=== Sun Nov  7 16:34:09 2021

Packages were changed.
Update Mode: updateDependencies

The following packages were updated:
  com.unity.analytics from version 3.5.3 to 3.6.11
  com.unity.collab-proxy from version 1.3.9 to 1.9.0
  com.unity.ide.visualstudio from version 2.0.5 to 2.0.11
  com.unity.textmeshpro from version 3.0.1 to 3.0.6

=== Mon Sep 26 15:21:56 2022

Packages were changed.
Update Mode: updateDependencies

The following packages were updated:
  com.unity.analytics from version 3.6.11 to 3.6.12
  com.unity.collab-proxy from version 1.9.0 to 1.15.18
  com.unity.ide.visualstudio from version 2.0.11 to 2.0.16
  com.unity.postprocessing from version 2.3.0 to 3.2.2
